Calling target program-options parser
[12:10:09.041] [bmv2] [D] [thread 8688] Set default default entry for table 'tbl_count_packet': TheIngress.count_packet - 
[12:10:09.041] [bmv2] [D] [thread 8688] Set default default entry for table 'tbl_update_sum_register': TheIngress.update_sum_register - 
[12:10:09.041] [bmv2] [D] [thread 8688] Set default default entry for table 'tbl_main171': main171 - 
[12:10:09.041] [bmv2] [D] [thread 8688] Set default default entry for table 'tbl_set_sml_values': TheIngress.set_sml_values - 
[12:10:09.041] [bmv2] [D] [thread 8688] Set default default entry for table 'tbl_reset_pkt_counter': TheIngress.reset_pkt_counter - 
[12:10:09.041] [bmv2] [D] [thread 8688] Set default default entry for table 'tbl_reset_sum_register': TheIngress.reset_sum_register - 
[12:10:09.041] [bmv2] [D] [thread 8688] Set default default entry for table 'tbl_multicast': TheIngress.multicast - 
[12:10:09.041] [bmv2] [D] [thread 8688] Set default default entry for table 'tbl_drop': TheIngress.drop - 
[12:10:09.041] [bmv2] [D] [thread 8688] Set default default entry for table 'TheIngress.ethernet_table': NoAction - 
[12:10:09.041] [bmv2] [D] [thread 8688] Set default default entry for table 'tbl_drop_0': TheIngress.drop - 
Adding interface s1-eth0 as port 0
[12:10:09.042] [bmv2] [D] [thread 8688] Adding interface s1-eth0 as port 0
Adding interface s1-eth1 as port 1
[12:10:09.099] [bmv2] [D] [thread 8688] Adding interface s1-eth1 as port 1
Server listening on 0.0.0.0:50051
[12:10:09.146] [bmv2] [I] [thread 8688] Starting Thrift server on port 9090
[12:10:09.146] [bmv2] [I] [thread 8688] Thrift server was started
[12:10:09.246] [bmv2] [D] [thread 8698] [0.0] [cxt 0] Processing packet received on port 0
[12:10:09.246] [bmv2] [D] [thread 8698] [0.0] [cxt 0] Parser 'parser': start
[12:10:09.246] [bmv2] [D] [thread 8698] [0.0] [cxt 0] Parser 'parser' entering state 'start'
[12:10:09.246] [bmv2] [D] [thread 8698] [0.0] [cxt 0] Extracting header 'eth'
[12:10:09.247] [bmv2] [D] [thread 8698] [0.0] [cxt 0] Extracting header 'sml'
[12:10:09.247] [bmv2] [D] [thread 8698] [0.0] [cxt 0] Parser state 'start' has no switch, going to default next state
[12:10:09.247] [bmv2] [T] [thread 8698] [0.0] [cxt 0] Bytes parsed: 33
[12:10:09.247] [bmv2] [D] [thread 8698] [0.0] [cxt 0] Parser 'parser': end
[12:10:09.247] [bmv2] [D] [thread 8698] [0.0] [cxt 0] Pipeline 'ingress': start
[12:10:09.247] [bmv2] [T] [thread 8698] [0.0] [cxt 0] /vagrant/lab3/sml-eth/p4/main.p4(166) Condition "hdr.eth.etherType == ether_type_t.ETHTYPE_SML" (node_2) is false
[12:10:09.247] [bmv2] [T] [thread 8698] [0.0] [cxt 0] /vagrant/lab3/sml-eth/p4/main.p4(181) Condition "hdr.eth.isValid()" (node_13) is true
[12:10:09.247] [bmv2] [T] [thread 8698] [0.0] [cxt 0] Applying table 'TheIngress.ethernet_table'
[12:10:09.247] [bmv2] [D] [thread 8698] [0.0] [cxt 0] Looking up key:
* hdr.eth.dstAddr     : 333300000016

[12:10:09.247] [bmv2] [D] [thread 8698] [0.0] [cxt 0] Table 'TheIngress.ethernet_table': miss
[12:10:09.247] [bmv2] [D] [thread 8698] [0.0] [cxt 0] Action entry is NoAction - 
[12:10:09.247] [bmv2] [T] [thread 8698] [0.0] [cxt 0] Action NoAction
[12:10:09.247] [bmv2] [D] [thread 8698] [0.0] [cxt 0] Pipeline 'ingress': end
[12:10:09.248] [bmv2] [D] [thread 8698] [0.0] [cxt 0] Egress port is 0
[12:10:09.248] [bmv2] [D] [thread 8699] [0.0] [cxt 0] Pipeline 'egress': start
[12:10:09.248] [bmv2] [D] [thread 8699] [0.0] [cxt 0] Pipeline 'egress': end
[12:10:09.248] [bmv2] [D] [thread 8699] [0.0] [cxt 0] Deparser 'deparser': start
[12:10:09.248] [bmv2] [D] [thread 8699] [0.0] [cxt 0] Deparsing header 'eth'
[12:10:09.248] [bmv2] [D] [thread 8699] [0.0] [cxt 0] Deparsing header 'sml'
[12:10:09.248] [bmv2] [D] [thread 8699] [0.0] [cxt 0] Deparser 'deparser': end
[12:10:09.248] [bmv2] [D] [thread 8703] [0.0] [cxt 0] Transmitting packet of size 90 out of port 0
[12:10:09.556] [bmv2] [W] [thread 8715] [P4Runtime] p4::tmp::P4DeviceConfig is deprecated
[12:10:09.558] [bmv2] [D] [thread 8715] Set default default entry for table 'tbl_count_packet': TheIngress.count_packet - 
[12:10:09.558] [bmv2] [D] [thread 8715] Set default default entry for table 'tbl_update_sum_register': TheIngress.update_sum_register - 
[12:10:09.559] [bmv2] [D] [thread 8715] Set default default entry for table 'tbl_main171': main171 - 
[12:10:09.559] [bmv2] [D] [thread 8715] Set default default entry for table 'tbl_set_sml_values': TheIngress.set_sml_values - 
[12:10:09.559] [bmv2] [D] [thread 8715] Set default default entry for table 'tbl_reset_pkt_counter': TheIngress.reset_pkt_counter - 
[12:10:09.559] [bmv2] [D] [thread 8715] Set default default entry for table 'tbl_reset_sum_register': TheIngress.reset_sum_register - 
[12:10:09.559] [bmv2] [D] [thread 8715] Set default default entry for table 'tbl_multicast': TheIngress.multicast - 
[12:10:09.559] [bmv2] [D] [thread 8715] Set default default entry for table 'tbl_drop': TheIngress.drop - 
[12:10:09.559] [bmv2] [D] [thread 8715] Set default default entry for table 'TheIngress.ethernet_table': NoAction - 
[12:10:09.559] [bmv2] [D] [thread 8715] Set default default entry for table 'tbl_drop_0': TheIngress.drop - 
[12:10:09.560] [bmv2] [D] [thread 8715] simple_switch target has been notified of a config swap
[12:10:09.567] [bmv2] [D] [thread 8715] Entry 0 added to table 'TheIngress.ethernet_table'
[12:10:09.567] [bmv2] [D] [thread 8715] Dumping entry 0
Match key:
* hdr.eth.dstAddr     : EXACT     000000000101
Action entry: TheIngress.l2_forward - 0,

[12:10:09.568] [bmv2] [D] [thread 8716] Entry 1 added to table 'TheIngress.ethernet_table'
[12:10:09.568] [bmv2] [D] [thread 8716] Dumping entry 1
Match key:
* hdr.eth.dstAddr     : EXACT     000000000102
Action entry: TheIngress.l2_forward - 1,

[12:10:09.570] [bmv2] [D] [thread 8715] Entry 2 added to table 'TheIngress.ethernet_table'
[12:10:09.570] [bmv2] [D] [thread 8715] Dumping entry 2
Match key:
* hdr.eth.dstAddr     : EXACT     ffffffffffff
Action entry: TheIngress.multicast - 1,

[12:10:09.571] [bmv2] [D] [thread 8716] mgrp node created for mgid 1
[12:10:09.571] [bmv2] [D] [thread 8716] node created for rid 1
[12:10:09.571] [bmv2] [D] [thread 8716] node associated with mgid 1
[12:10:09.571] [bmv2] [D] [thread 8716] node created for rid 0
[12:10:09.571] [bmv2] [D] [thread 8716] node associated with mgid 1
[12:10:09.573] [bmv2] [D] [thread 8698] [1.0] [cxt 0] Processing packet received on port 1
[12:10:09.573] [bmv2] [D] [thread 8698] [1.0] [cxt 0] Parser 'parser': start
[12:10:09.573] [bmv2] [D] [thread 8698] [1.0] [cxt 0] Parser 'parser' entering state 'start'
[12:10:09.573] [bmv2] [D] [thread 8698] [1.0] [cxt 0] Extracting header 'eth'
[12:10:09.573] [bmv2] [D] [thread 8698] [1.0] [cxt 0] Extracting header 'sml'
[12:10:09.574] [bmv2] [D] [thread 8698] [1.0] [cxt 0] Parser state 'start' has no switch, going to default next state
[12:10:09.574] [bmv2] [T] [thread 8698] [1.0] [cxt 0] Bytes parsed: 33
[12:10:09.574] [bmv2] [D] [thread 8698] [1.0] [cxt 0] Parser 'parser': end
[12:10:09.574] [bmv2] [D] [thread 8698] [1.0] [cxt 0] Pipeline 'ingress': start
[12:10:09.574] [bmv2] [T] [thread 8698] [1.0] [cxt 0] /vagrant/lab3/sml-eth/p4/main.p4(166) Condition "hdr.eth.etherType == ether_type_t.ETHTYPE_SML" (node_2) is false
[12:10:09.574] [bmv2] [T] [thread 8698] [1.0] [cxt 0] /vagrant/lab3/sml-eth/p4/main.p4(181) Condition "hdr.eth.isValid()" (node_13) is true
[12:10:09.574] [bmv2] [T] [thread 8698] [1.0] [cxt 0] Applying table 'TheIngress.ethernet_table'
[12:10:09.574] [bmv2] [D] [thread 8698] [1.0] [cxt 0] Looking up key:
* hdr.eth.dstAddr     : 3333ff753adf

[12:10:09.574] [bmv2] [D] [thread 8698] [1.0] [cxt 0] Table 'TheIngress.ethernet_table': miss
[12:10:09.574] [bmv2] [D] [thread 8698] [1.0] [cxt 0] Action entry is NoAction - 
[12:10:09.574] [bmv2] [T] [thread 8698] [1.0] [cxt 0] Action NoAction
[12:10:09.575] [bmv2] [D] [thread 8698] [1.0] [cxt 0] Pipeline 'ingress': end
[12:10:09.575] [bmv2] [D] [thread 8698] [1.0] [cxt 0] Egress port is 0
[12:10:09.575] [bmv2] [D] [thread 8699] [1.0] [cxt 0] Pipeline 'egress': start
[12:10:09.575] [bmv2] [D] [thread 8699] [1.0] [cxt 0] Pipeline 'egress': end
[12:10:09.575] [bmv2] [D] [thread 8699] [1.0] [cxt 0] Deparser 'deparser': start
[12:10:09.575] [bmv2] [D] [thread 8699] [1.0] [cxt 0] Deparsing header 'eth'
[12:10:09.575] [bmv2] [D] [thread 8699] [1.0] [cxt 0] Deparsing header 'sml'
[12:10:09.575] [bmv2] [D] [thread 8699] [1.0] [cxt 0] Deparser 'deparser': end
[12:10:09.575] [bmv2] [D] [thread 8703] [1.0] [cxt 0] Transmitting packet of size 86 out of port 0
[12:10:09.605] [bmv2] [D] [thread 8698] [2.0] [cxt 0] Processing packet received on port 1
[12:10:09.605] [bmv2] [D] [thread 8698] [2.0] [cxt 0] Parser 'parser': start
[12:10:09.605] [bmv2] [D] [thread 8698] [2.0] [cxt 0] Parser 'parser' entering state 'start'
[12:10:09.605] [bmv2] [D] [thread 8698] [2.0] [cxt 0] Extracting header 'eth'
[12:10:09.606] [bmv2] [D] [thread 8698] [2.0] [cxt 0] Extracting header 'sml'
[12:10:09.606] [bmv2] [D] [thread 8698] [2.0] [cxt 0] Parser state 'start' has no switch, going to default next state
[12:10:09.606] [bmv2] [T] [thread 8698] [2.0] [cxt 0] Bytes parsed: 33
[12:10:09.606] [bmv2] [D] [thread 8698] [2.0] [cxt 0] Parser 'parser': end
[12:10:09.606] [bmv2] [D] [thread 8698] [2.0] [cxt 0] Pipeline 'ingress': start
[12:10:09.606] [bmv2] [T] [thread 8698] [2.0] [cxt 0] /vagrant/lab3/sml-eth/p4/main.p4(166) Condition "hdr.eth.etherType == ether_type_t.ETHTYPE_SML" (node_2) is false
[12:10:09.606] [bmv2] [T] [thread 8698] [2.0] [cxt 0] /vagrant/lab3/sml-eth/p4/main.p4(181) Condition "hdr.eth.isValid()" (node_13) is true
[12:10:09.606] [bmv2] [T] [thread 8698] [2.0] [cxt 0] Applying table 'TheIngress.ethernet_table'
[12:10:09.606] [bmv2] [D] [thread 8698] [2.0] [cxt 0] Looking up key:
* hdr.eth.dstAddr     : 333300000016

[12:10:09.606] [bmv2] [D] [thread 8698] [2.0] [cxt 0] Table 'TheIngress.ethernet_table': miss
[12:10:09.606] [bmv2] [D] [thread 8698] [2.0] [cxt 0] Action entry is NoAction - 
[12:10:09.606] [bmv2] [T] [thread 8698] [2.0] [cxt 0] Action NoAction
[12:10:09.606] [bmv2] [D] [thread 8698] [2.0] [cxt 0] Pipeline 'ingress': end
[12:10:09.606] [bmv2] [D] [thread 8698] [2.0] [cxt 0] Egress port is 0
[12:10:09.607] [bmv2] [D] [thread 8699] [2.0] [cxt 0] Pipeline 'egress': start
[12:10:09.607] [bmv2] [D] [thread 8699] [2.0] [cxt 0] Pipeline 'egress': end
[12:10:09.607] [bmv2] [D] [thread 8699] [2.0] [cxt 0] Deparser 'deparser': start
[12:10:09.607] [bmv2] [D] [thread 8699] [2.0] [cxt 0] Deparsing header 'eth'
[12:10:09.607] [bmv2] [D] [thread 8699] [2.0] [cxt 0] Deparsing header 'sml'
[12:10:09.607] [bmv2] [D] [thread 8699] [2.0] [cxt 0] Deparser 'deparser': end
[12:10:09.607] [bmv2] [D] [thread 8703] [2.0] [cxt 0] Transmitting packet of size 90 out of port 0
[12:10:09.795] [bmv2] [D] [thread 8698] [3.0] [cxt 0] Processing packet received on port 0
[12:10:09.795] [bmv2] [D] [thread 8698] [3.0] [cxt 0] Parser 'parser': start
[12:10:09.796] [bmv2] [D] [thread 8698] [3.0] [cxt 0] Parser 'parser' entering state 'start'
[12:10:09.796] [bmv2] [D] [thread 8698] [3.0] [cxt 0] Extracting header 'eth'
[12:10:09.796] [bmv2] [D] [thread 8698] [3.0] [cxt 0] Extracting header 'sml'
[12:10:09.796] [bmv2] [D] [thread 8698] [3.0] [cxt 0] Parser state 'start' has no switch, going to default next state
[12:10:09.796] [bmv2] [T] [thread 8698] [3.0] [cxt 0] Bytes parsed: 33
[12:10:09.796] [bmv2] [D] [thread 8698] [3.0] [cxt 0] Parser 'parser': end
[12:10:09.796] [bmv2] [D] [thread 8698] [3.0] [cxt 0] Pipeline 'ingress': start
[12:10:09.796] [bmv2] [T] [thread 8698] [3.0] [cxt 0] /vagrant/lab3/sml-eth/p4/main.p4(166) Condition "hdr.eth.etherType == ether_type_t.ETHTYPE_SML" (node_2) is false
[12:10:09.796] [bmv2] [T] [thread 8698] [3.0] [cxt 0] /vagrant/lab3/sml-eth/p4/main.p4(181) Condition "hdr.eth.isValid()" (node_13) is true
[12:10:09.796] [bmv2] [T] [thread 8698] [3.0] [cxt 0] Applying table 'TheIngress.ethernet_table'
[12:10:09.796] [bmv2] [D] [thread 8698] [3.0] [cxt 0] Looking up key:
* hdr.eth.dstAddr     : 3333ff315a92

[12:10:09.797] [bmv2] [D] [thread 8698] [3.0] [cxt 0] Table 'TheIngress.ethernet_table': miss
[12:10:09.797] [bmv2] [D] [thread 8698] [3.0] [cxt 0] Action entry is NoAction - 
[12:10:09.797] [bmv2] [T] [thread 8698] [3.0] [cxt 0] Action NoAction
[12:10:09.797] [bmv2] [D] [thread 8698] [3.0] [cxt 0] Pipeline 'ingress': end
[12:10:09.797] [bmv2] [D] [thread 8698] [3.0] [cxt 0] Egress port is 0
[12:10:09.797] [bmv2] [D] [thread 8699] [3.0] [cxt 0] Pipeline 'egress': start
[12:10:09.797] [bmv2] [D] [thread 8699] [3.0] [cxt 0] Pipeline 'egress': end
[12:10:09.797] [bmv2] [D] [thread 8699] [3.0] [cxt 0] Deparser 'deparser': start
[12:10:09.797] [bmv2] [D] [thread 8699] [3.0] [cxt 0] Deparsing header 'eth'
[12:10:09.797] [bmv2] [D] [thread 8699] [3.0] [cxt 0] Deparsing header 'sml'
[12:10:09.797] [bmv2] [D] [thread 8699] [3.0] [cxt 0] Deparser 'deparser': end
[12:10:09.798] [bmv2] [D] [thread 8703] [3.0] [cxt 0] Transmitting packet of size 86 out of port 0
[12:10:10.614] [bmv2] [D] [thread 8698] [4.0] [cxt 0] Processing packet received on port 1
[12:10:10.614] [bmv2] [D] [thread 8698] [4.0] [cxt 0] Parser 'parser': start
[12:10:10.614] [bmv2] [D] [thread 8698] [4.0] [cxt 0] Parser 'parser' entering state 'start'
[12:10:10.614] [bmv2] [D] [thread 8698] [4.0] [cxt 0] Extracting header 'eth'
[12:10:10.615] [bmv2] [D] [thread 8698] [4.0] [cxt 0] Extracting header 'sml'
[12:10:10.615] [bmv2] [D] [thread 8698] [4.0] [cxt 0] Parser state 'start' has no switch, going to default next state
[12:10:10.615] [bmv2] [T] [thread 8698] [4.0] [cxt 0] Bytes parsed: 33
[12:10:10.615] [bmv2] [D] [thread 8698] [4.0] [cxt 0] Parser 'parser': end
[12:10:10.615] [bmv2] [D] [thread 8698] [4.0] [cxt 0] Pipeline 'ingress': start
[12:10:10.615] [bmv2] [T] [thread 8698] [4.0] [cxt 0] /vagrant/lab3/sml-eth/p4/main.p4(166) Condition "hdr.eth.etherType == ether_type_t.ETHTYPE_SML" (node_2) is false
[12:10:10.615] [bmv2] [T] [thread 8698] [4.0] [cxt 0] /vagrant/lab3/sml-eth/p4/main.p4(181) Condition "hdr.eth.isValid()" (node_13) is true
[12:10:10.615] [bmv2] [T] [thread 8698] [4.0] [cxt 0] Applying table 'TheIngress.ethernet_table'
[12:10:10.615] [bmv2] [D] [thread 8698] [4.0] [cxt 0] Looking up key:
* hdr.eth.dstAddr     : 333300000016

[12:10:10.615] [bmv2] [D] [thread 8698] [4.0] [cxt 0] Table 'TheIngress.ethernet_table': miss
[12:10:10.615] [bmv2] [D] [thread 8698] [4.0] [cxt 0] Action entry is NoAction - 
[12:10:10.616] [bmv2] [T] [thread 8698] [4.0] [cxt 0] Action NoAction
[12:10:10.616] [bmv2] [D] [thread 8698] [4.0] [cxt 0] Pipeline 'ingress': end
[12:10:10.616] [bmv2] [D] [thread 8698] [4.0] [cxt 0] Egress port is 0
[12:10:10.616] [bmv2] [D] [thread 8698] [5.0] [cxt 0] Processing packet received on port 1
[12:10:10.616] [bmv2] [D] [thread 8698] [5.0] [cxt 0] Parser 'parser': start
[12:10:10.616] [bmv2] [D] [thread 8698] [5.0] [cxt 0] Parser 'parser' entering state 'start'
[12:10:10.616] [bmv2] [D] [thread 8698] [5.0] [cxt 0] Extracting header 'eth'
[12:10:10.616] [bmv2] [D] [thread 8698] [5.0] [cxt 0] Extracting header 'sml'
[12:10:10.616] [bmv2] [D] [thread 8698] [5.0] [cxt 0] Parser state 'start' has no switch, going to default next state
[12:10:10.616] [bmv2] [T] [thread 8698] [5.0] [cxt 0] Bytes parsed: 33
[12:10:10.617] [bmv2] [D] [thread 8698] [5.0] [cxt 0] Parser 'parser': end
[12:10:10.617] [bmv2] [D] [thread 8698] [5.0] [cxt 0] Pipeline 'ingress': start
[12:10:10.617] [bmv2] [T] [thread 8698] [5.0] [cxt 0] /vagrant/lab3/sml-eth/p4/main.p4(166) Condition "hdr.eth.etherType == ether_type_t.ETHTYPE_SML" (node_2) is false
[12:10:10.617] [bmv2] [T] [thread 8698] [5.0] [cxt 0] /vagrant/lab3/sml-eth/p4/main.p4(181) Condition "hdr.eth.isValid()" (node_13) is true
[12:10:10.617] [bmv2] [T] [thread 8698] [5.0] [cxt 0] Applying table 'TheIngress.ethernet_table'
[12:10:10.616] [bmv2] [D] [thread 8699] [4.0] [cxt 0] Pipeline 'egress': start
[12:10:10.617] [bmv2] [D] [thread 8699] [4.0] [cxt 0] Pipeline 'egress': end
[12:10:10.617] [bmv2] [D] [thread 8699] [4.0] [cxt 0] Deparser 'deparser': start
[12:10:10.617] [bmv2] [D] [thread 8699] [4.0] [cxt 0] Deparsing header 'eth'
[12:10:10.617] [bmv2] [D] [thread 8699] [4.0] [cxt 0] Deparsing header 'sml'
[12:10:10.617] [bmv2] [D] [thread 8699] [4.0] [cxt 0] Deparser 'deparser': end
[12:10:10.617] [bmv2] [D] [thread 8698] [5.0] [cxt 0] Looking up key:
* hdr.eth.dstAddr     : 333300000002

[12:10:10.618] [bmv2] [D] [thread 8698] [5.0] [cxt 0] Table 'TheIngress.ethernet_table': miss
[12:10:10.618] [bmv2] [D] [thread 8698] [5.0] [cxt 0] Action entry is NoAction - 
[12:10:10.618] [bmv2] [T] [thread 8698] [5.0] [cxt 0] Action NoAction
[12:10:10.618] [bmv2] [D] [thread 8698] [5.0] [cxt 0] Pipeline 'ingress': end
[12:10:10.618] [bmv2] [D] [thread 8698] [5.0] [cxt 0] Egress port is 0
[12:10:10.618] [bmv2] [D] [thread 8703] [4.0] [cxt 0] Transmitting packet of size 90 out of port 0
[12:10:10.618] [bmv2] [D] [thread 8699] [5.0] [cxt 0] Pipeline 'egress': start
[12:10:10.618] [bmv2] [D] [thread 8699] [5.0] [cxt 0] Pipeline 'egress': end
[12:10:10.618] [bmv2] [D] [thread 8699] [5.0] [cxt 0] Deparser 'deparser': start
[12:10:10.618] [bmv2] [D] [thread 8699] [5.0] [cxt 0] Deparsing header 'eth'
[12:10:10.618] [bmv2] [D] [thread 8699] [5.0] [cxt 0] Deparsing header 'sml'
[12:10:10.618] [bmv2] [D] [thread 8699] [5.0] [cxt 0] Deparser 'deparser': end
[12:10:10.619] [bmv2] [D] [thread 8703] [5.0] [cxt 0] Transmitting packet of size 70 out of port 0
[12:10:10.818] [bmv2] [D] [thread 8698] [6.0] [cxt 0] Processing packet received on port 0
[12:10:10.818] [bmv2] [D] [thread 8698] [6.0] [cxt 0] Parser 'parser': start
[12:10:10.818] [bmv2] [D] [thread 8698] [6.0] [cxt 0] Parser 'parser' entering state 'start'
[12:10:10.818] [bmv2] [D] [thread 8698] [6.0] [cxt 0] Extracting header 'eth'
[12:10:10.818] [bmv2] [D] [thread 8698] [6.0] [cxt 0] Extracting header 'sml'
[12:10:10.818] [bmv2] [D] [thread 8698] [6.0] [cxt 0] Parser state 'start' has no switch, going to default next state
[12:10:10.818] [bmv2] [T] [thread 8698] [6.0] [cxt 0] Bytes parsed: 33
[12:10:10.818] [bmv2] [D] [thread 8698] [6.0] [cxt 0] Parser 'parser': end
[12:10:10.819] [bmv2] [D] [thread 8698] [6.0] [cxt 0] Pipeline 'ingress': start
[12:10:10.819] [bmv2] [T] [thread 8698] [6.0] [cxt 0] /vagrant/lab3/sml-eth/p4/main.p4(166) Condition "hdr.eth.etherType == ether_type_t.ETHTYPE_SML" (node_2) is false
[12:10:10.819] [bmv2] [T] [thread 8698] [6.0] [cxt 0] /vagrant/lab3/sml-eth/p4/main.p4(181) Condition "hdr.eth.isValid()" (node_13) is true
[12:10:10.819] [bmv2] [T] [thread 8698] [6.0] [cxt 0] Applying table 'TheIngress.ethernet_table'
[12:10:10.819] [bmv2] [D] [thread 8698] [6.0] [cxt 0] Looking up key:
* hdr.eth.dstAddr     : 333300000016

[12:10:10.819] [bmv2] [D] [thread 8698] [6.0] [cxt 0] Table 'TheIngress.ethernet_table': miss
[12:10:10.819] [bmv2] [D] [thread 8698] [6.0] [cxt 0] Action entry is NoAction - 
[12:10:10.819] [bmv2] [T] [thread 8698] [6.0] [cxt 0] Action NoAction
[12:10:10.819] [bmv2] [D] [thread 8698] [6.0] [cxt 0] Pipeline 'ingress': end
[12:10:10.819] [bmv2] [D] [thread 8698] [6.0] [cxt 0] Egress port is 0
[12:10:10.819] [bmv2] [D] [thread 8698] [7.0] [cxt 0] Processing packet received on port 0
[12:10:10.819] [bmv2] [D] [thread 8698] [7.0] [cxt 0] Parser 'parser': start
[12:10:10.820] [bmv2] [D] [thread 8698] [7.0] [cxt 0] Parser 'parser' entering state 'start'
[12:10:10.820] [bmv2] [D] [thread 8698] [7.0] [cxt 0] Extracting header 'eth'
[12:10:10.820] [bmv2] [D] [thread 8698] [7.0] [cxt 0] Extracting header 'sml'
[12:10:10.820] [bmv2] [D] [thread 8698] [7.0] [cxt 0] Parser state 'start' has no switch, going to default next state
[12:10:10.820] [bmv2] [T] [thread 8698] [7.0] [cxt 0] Bytes parsed: 33
[12:10:10.820] [bmv2] [D] [thread 8698] [7.0] [cxt 0] Parser 'parser': end
[12:10:10.820] [bmv2] [D] [thread 8698] [7.0] [cxt 0] Pipeline 'ingress': start
[12:10:10.819] [bmv2] [D] [thread 8699] [6.0] [cxt 0] Pipeline 'egress': start
[12:10:10.820] [bmv2] [D] [thread 8699] [6.0] [cxt 0] Pipeline 'egress': end
[12:10:10.820] [bmv2] [D] [thread 8699] [6.0] [cxt 0] Deparser 'deparser': start
[12:10:10.820] [bmv2] [D] [thread 8699] [6.0] [cxt 0] Deparsing header 'eth'
[12:10:10.820] [bmv2] [D] [thread 8699] [6.0] [cxt 0] Deparsing header 'sml'
[12:10:10.821] [bmv2] [D] [thread 8699] [6.0] [cxt 0] Deparser 'deparser': end
[12:10:10.820] [bmv2] [T] [thread 8698] [7.0] [cxt 0] /vagrant/lab3/sml-eth/p4/main.p4(166) Condition "hdr.eth.etherType == ether_type_t.ETHTYPE_SML" (node_2) is false
[12:10:10.821] [bmv2] [T] [thread 8698] [7.0] [cxt 0] /vagrant/lab3/sml-eth/p4/main.p4(181) Condition "hdr.eth.isValid()" (node_13) is true
[12:10:10.821] [bmv2] [T] [thread 8698] [7.0] [cxt 0] Applying table 'TheIngress.ethernet_table'
[12:10:10.821] [bmv2] [D] [thread 8703] [6.0] [cxt 0] Transmitting packet of size 90 out of port 0
[12:10:10.821] [bmv2] [D] [thread 8698] [7.0] [cxt 0] Looking up key:
* hdr.eth.dstAddr     : 333300000002

[12:10:10.821] [bmv2] [D] [thread 8698] [7.0] [cxt 0] Table 'TheIngress.ethernet_table': miss
[12:10:10.821] [bmv2] [D] [thread 8698] [7.0] [cxt 0] Action entry is NoAction - 
[12:10:10.821] [bmv2] [T] [thread 8698] [7.0] [cxt 0] Action NoAction
[12:10:10.821] [bmv2] [D] [thread 8698] [7.0] [cxt 0] Pipeline 'ingress': end
[12:10:10.821] [bmv2] [D] [thread 8698] [7.0] [cxt 0] Egress port is 0
[12:10:10.822] [bmv2] [D] [thread 8699] [7.0] [cxt 0] Pipeline 'egress': start
[12:10:10.822] [bmv2] [D] [thread 8699] [7.0] [cxt 0] Pipeline 'egress': end
[12:10:10.822] [bmv2] [D] [thread 8699] [7.0] [cxt 0] Deparser 'deparser': start
[12:10:10.822] [bmv2] [D] [thread 8699] [7.0] [cxt 0] Deparsing header 'eth'
[12:10:10.822] [bmv2] [D] [thread 8699] [7.0] [cxt 0] Deparsing header 'sml'
[12:10:10.822] [bmv2] [D] [thread 8699] [7.0] [cxt 0] Deparser 'deparser': end
[12:10:10.822] [bmv2] [D] [thread 8703] [7.0] [cxt 0] Transmitting packet of size 70 out of port 0
[12:10:10.885] [bmv2] [D] [thread 8698] [8.0] [cxt 0] Processing packet received on port 0
[12:10:10.885] [bmv2] [D] [thread 8698] [8.0] [cxt 0] Parser 'parser': start
[12:10:10.886] [bmv2] [D] [thread 8698] [8.0] [cxt 0] Parser 'parser' entering state 'start'
[12:10:10.886] [bmv2] [D] [thread 8698] [8.0] [cxt 0] Extracting header 'eth'
[12:10:10.886] [bmv2] [D] [thread 8698] [8.0] [cxt 0] Extracting header 'sml'
[12:10:10.886] [bmv2] [D] [thread 8698] [8.0] [cxt 0] Parser state 'start' has no switch, going to default next state
[12:10:10.886] [bmv2] [T] [thread 8698] [8.0] [cxt 0] Bytes parsed: 33
[12:10:10.886] [bmv2] [D] [thread 8698] [8.0] [cxt 0] Parser 'parser': end
[12:10:10.886] [bmv2] [D] [thread 8698] [8.0] [cxt 0] Pipeline 'ingress': start
[12:10:10.886] [bmv2] [T] [thread 8698] [8.0] [cxt 0] /vagrant/lab3/sml-eth/p4/main.p4(166) Condition "hdr.eth.etherType == ether_type_t.ETHTYPE_SML" (node_2) is false
[12:10:10.886] [bmv2] [T] [thread 8698] [8.0] [cxt 0] /vagrant/lab3/sml-eth/p4/main.p4(181) Condition "hdr.eth.isValid()" (node_13) is true
[12:10:10.886] [bmv2] [T] [thread 8698] [8.0] [cxt 0] Applying table 'TheIngress.ethernet_table'
[12:10:10.886] [bmv2] [D] [thread 8698] [8.0] [cxt 0] Looking up key:
* hdr.eth.dstAddr     : 333300000016

[12:10:10.886] [bmv2] [D] [thread 8698] [8.0] [cxt 0] Table 'TheIngress.ethernet_table': miss
[12:10:10.887] [bmv2] [D] [thread 8698] [8.0] [cxt 0] Action entry is NoAction - 
[12:10:10.887] [bmv2] [T] [thread 8698] [8.0] [cxt 0] Action NoAction
[12:10:10.887] [bmv2] [D] [thread 8698] [8.0] [cxt 0] Pipeline 'ingress': end
[12:10:10.887] [bmv2] [D] [thread 8698] [8.0] [cxt 0] Egress port is 0
[12:10:10.887] [bmv2] [D] [thread 8699] [8.0] [cxt 0] Pipeline 'egress': start
[12:10:10.887] [bmv2] [D] [thread 8699] [8.0] [cxt 0] Pipeline 'egress': end
[12:10:10.887] [bmv2] [D] [thread 8699] [8.0] [cxt 0] Deparser 'deparser': start
[12:10:10.887] [bmv2] [D] [thread 8699] [8.0] [cxt 0] Deparsing header 'eth'
[12:10:10.887] [bmv2] [D] [thread 8699] [8.0] [cxt 0] Deparsing header 'sml'
[12:10:10.887] [bmv2] [D] [thread 8699] [8.0] [cxt 0] Deparser 'deparser': end
[12:10:10.887] [bmv2] [D] [thread 8703] [8.0] [cxt 0] Transmitting packet of size 90 out of port 0
[12:10:11.329] [bmv2] [D] [thread 8698] [9.0] [cxt 0] Processing packet received on port 1
[12:10:11.329] [bmv2] [D] [thread 8698] [9.0] [cxt 0] Parser 'parser': start
[12:10:11.330] [bmv2] [D] [thread 8698] [9.0] [cxt 0] Parser 'parser' entering state 'start'
[12:10:11.330] [bmv2] [D] [thread 8698] [9.0] [cxt 0] Extracting header 'eth'
[12:10:11.330] [bmv2] [D] [thread 8698] [9.0] [cxt 0] Extracting header 'sml'
[12:10:11.330] [bmv2] [D] [thread 8698] [9.0] [cxt 0] Parser state 'start' has no switch, going to default next state
[12:10:11.330] [bmv2] [T] [thread 8698] [9.0] [cxt 0] Bytes parsed: 33
[12:10:11.330] [bmv2] [D] [thread 8698] [9.0] [cxt 0] Parser 'parser': end
[12:10:11.331] [bmv2] [D] [thread 8698] [9.0] [cxt 0] Pipeline 'ingress': start
[12:10:11.331] [bmv2] [T] [thread 8698] [9.0] [cxt 0] /vagrant/lab3/sml-eth/p4/main.p4(166) Condition "hdr.eth.etherType == ether_type_t.ETHTYPE_SML" (node_2) is false
[12:10:11.331] [bmv2] [T] [thread 8698] [9.0] [cxt 0] /vagrant/lab3/sml-eth/p4/main.p4(181) Condition "hdr.eth.isValid()" (node_13) is true
[12:10:11.331] [bmv2] [T] [thread 8698] [9.0] [cxt 0] Applying table 'TheIngress.ethernet_table'
[12:10:11.331] [bmv2] [D] [thread 8698] [9.0] [cxt 0] Looking up key:
* hdr.eth.dstAddr     : 333300000016

[12:10:11.331] [bmv2] [D] [thread 8698] [9.0] [cxt 0] Table 'TheIngress.ethernet_table': miss
[12:10:11.331] [bmv2] [D] [thread 8698] [9.0] [cxt 0] Action entry is NoAction - 
[12:10:11.331] [bmv2] [T] [thread 8698] [9.0] [cxt 0] Action NoAction
[12:10:11.331] [bmv2] [D] [thread 8698] [9.0] [cxt 0] Pipeline 'ingress': end
[12:10:11.332] [bmv2] [D] [thread 8698] [9.0] [cxt 0] Egress port is 0
[12:10:11.332] [bmv2] [D] [thread 8699] [9.0] [cxt 0] Pipeline 'egress': start
[12:10:11.332] [bmv2] [D] [thread 8699] [9.0] [cxt 0] Pipeline 'egress': end
[12:10:11.332] [bmv2] [D] [thread 8699] [9.0] [cxt 0] Deparser 'deparser': start
[12:10:11.332] [bmv2] [D] [thread 8699] [9.0] [cxt 0] Deparsing header 'eth'
[12:10:11.332] [bmv2] [D] [thread 8699] [9.0] [cxt 0] Deparsing header 'sml'
[12:10:11.332] [bmv2] [D] [thread 8699] [9.0] [cxt 0] Deparser 'deparser': end
[12:10:11.332] [bmv2] [D] [thread 8703] [9.0] [cxt 0] Transmitting packet of size 90 out of port 0
[12:10:14.674] [bmv2] [D] [thread 8698] [10.0] [cxt 0] Processing packet received on port 1
[12:10:14.674] [bmv2] [D] [thread 8698] [10.0] [cxt 0] Parser 'parser': start
[12:10:14.674] [bmv2] [D] [thread 8698] [10.0] [cxt 0] Parser 'parser' entering state 'start'
[12:10:14.674] [bmv2] [D] [thread 8698] [10.0] [cxt 0] Extracting header 'eth'
[12:10:14.674] [bmv2] [D] [thread 8698] [10.0] [cxt 0] Extracting header 'sml'
[12:10:14.674] [bmv2] [D] [thread 8698] [10.0] [cxt 0] Parser state 'start' has no switch, going to default next state
[12:10:14.674] [bmv2] [T] [thread 8698] [10.0] [cxt 0] Bytes parsed: 33
[12:10:14.675] [bmv2] [D] [thread 8698] [10.0] [cxt 0] Parser 'parser': end
[12:10:14.675] [bmv2] [D] [thread 8698] [10.0] [cxt 0] Pipeline 'ingress': start
[12:10:14.675] [bmv2] [T] [thread 8698] [10.0] [cxt 0] /vagrant/lab3/sml-eth/p4/main.p4(166) Condition "hdr.eth.etherType == ether_type_t.ETHTYPE_SML" (node_2) is false
[12:10:14.675] [bmv2] [T] [thread 8698] [10.0] [cxt 0] /vagrant/lab3/sml-eth/p4/main.p4(181) Condition "hdr.eth.isValid()" (node_13) is true
[12:10:14.675] [bmv2] [T] [thread 8698] [10.0] [cxt 0] Applying table 'TheIngress.ethernet_table'
[12:10:14.675] [bmv2] [D] [thread 8698] [10.0] [cxt 0] Looking up key:
* hdr.eth.dstAddr     : 333300000002

[12:10:14.675] [bmv2] [D] [thread 8698] [10.0] [cxt 0] Table 'TheIngress.ethernet_table': miss
[12:10:14.675] [bmv2] [D] [thread 8698] [10.0] [cxt 0] Action entry is NoAction - 
[12:10:14.676] [bmv2] [T] [thread 8698] [10.0] [cxt 0] Action NoAction
[12:10:14.676] [bmv2] [D] [thread 8698] [10.0] [cxt 0] Pipeline 'ingress': end
[12:10:14.676] [bmv2] [D] [thread 8698] [10.0] [cxt 0] Egress port is 0
[12:10:14.676] [bmv2] [D] [thread 8699] [10.0] [cxt 0] Pipeline 'egress': start
[12:10:14.676] [bmv2] [D] [thread 8699] [10.0] [cxt 0] Pipeline 'egress': end
[12:10:14.676] [bmv2] [D] [thread 8699] [10.0] [cxt 0] Deparser 'deparser': start
[12:10:14.676] [bmv2] [D] [thread 8699] [10.0] [cxt 0] Deparsing header 'eth'
[12:10:14.676] [bmv2] [D] [thread 8699] [10.0] [cxt 0] Deparsing header 'sml'
[12:10:14.676] [bmv2] [D] [thread 8699] [10.0] [cxt 0] Deparser 'deparser': end
[12:10:14.676] [bmv2] [D] [thread 8703] [10.0] [cxt 0] Transmitting packet of size 70 out of port 0
[12:10:15.170] [bmv2] [D] [thread 8698] [11.0] [cxt 0] Processing packet received on port 0
[12:10:15.170] [bmv2] [D] [thread 8698] [11.0] [cxt 0] Parser 'parser': start
[12:10:15.170] [bmv2] [D] [thread 8698] [11.0] [cxt 0] Parser 'parser' entering state 'start'
[12:10:15.170] [bmv2] [D] [thread 8698] [11.0] [cxt 0] Extracting header 'eth'
[12:10:15.170] [bmv2] [D] [thread 8698] [11.0] [cxt 0] Extracting header 'sml'
[12:10:15.170] [bmv2] [D] [thread 8698] [11.0] [cxt 0] Parser state 'start' has no switch, going to default next state
[12:10:15.170] [bmv2] [T] [thread 8698] [11.0] [cxt 0] Bytes parsed: 33
[12:10:15.170] [bmv2] [D] [thread 8698] [11.0] [cxt 0] Parser 'parser': end
[12:10:15.170] [bmv2] [D] [thread 8698] [11.0] [cxt 0] Pipeline 'ingress': start
[12:10:15.171] [bmv2] [T] [thread 8698] [11.0] [cxt 0] /vagrant/lab3/sml-eth/p4/main.p4(166) Condition "hdr.eth.etherType == ether_type_t.ETHTYPE_SML" (node_2) is false
[12:10:15.171] [bmv2] [T] [thread 8698] [11.0] [cxt 0] /vagrant/lab3/sml-eth/p4/main.p4(181) Condition "hdr.eth.isValid()" (node_13) is true
[12:10:15.171] [bmv2] [T] [thread 8698] [11.0] [cxt 0] Applying table 'TheIngress.ethernet_table'
[12:10:15.171] [bmv2] [D] [thread 8698] [11.0] [cxt 0] Looking up key:
* hdr.eth.dstAddr     : 333300000002

[12:10:15.171] [bmv2] [D] [thread 8698] [11.0] [cxt 0] Table 'TheIngress.ethernet_table': miss
[12:10:15.171] [bmv2] [D] [thread 8698] [11.0] [cxt 0] Action entry is NoAction - 
[12:10:15.171] [bmv2] [T] [thread 8698] [11.0] [cxt 0] Action NoAction
[12:10:15.171] [bmv2] [D] [thread 8698] [11.0] [cxt 0] Pipeline 'ingress': end
[12:10:15.171] [bmv2] [D] [thread 8698] [11.0] [cxt 0] Egress port is 0
[12:10:15.171] [bmv2] [D] [thread 8699] [11.0] [cxt 0] Pipeline 'egress': start
[12:10:15.172] [bmv2] [D] [thread 8699] [11.0] [cxt 0] Pipeline 'egress': end
[12:10:15.172] [bmv2] [D] [thread 8699] [11.0] [cxt 0] Deparser 'deparser': start
[12:10:15.172] [bmv2] [D] [thread 8699] [11.0] [cxt 0] Deparsing header 'eth'
[12:10:15.172] [bmv2] [D] [thread 8699] [11.0] [cxt 0] Deparsing header 'sml'
[12:10:15.172] [bmv2] [D] [thread 8699] [11.0] [cxt 0] Deparser 'deparser': end
[12:10:15.172] [bmv2] [D] [thread 8703] [11.0] [cxt 0] Transmitting packet of size 70 out of port 0
[12:10:22.593] [bmv2] [D] [thread 8698] [12.0] [cxt 0] Processing packet received on port 1
[12:10:22.593] [bmv2] [D] [thread 8698] [12.0] [cxt 0] Parser 'parser': start
[12:10:22.593] [bmv2] [D] [thread 8698] [12.0] [cxt 0] Parser 'parser' entering state 'start'
[12:10:22.594] [bmv2] [D] [thread 8698] [12.0] [cxt 0] Extracting header 'eth'
[12:10:22.594] [bmv2] [D] [thread 8698] [12.0] [cxt 0] Extracting header 'sml'
[12:10:22.594] [bmv2] [D] [thread 8698] [12.0] [cxt 0] Parser state 'start' has no switch, going to default next state
[12:10:22.594] [bmv2] [T] [thread 8698] [12.0] [cxt 0] Bytes parsed: 33
[12:10:22.594] [bmv2] [D] [thread 8698] [12.0] [cxt 0] Parser 'parser': end
[12:10:22.594] [bmv2] [D] [thread 8698] [12.0] [cxt 0] Pipeline 'ingress': start
[12:10:22.594] [bmv2] [T] [thread 8698] [12.0] [cxt 0] /vagrant/lab3/sml-eth/p4/main.p4(166) Condition "hdr.eth.etherType == ether_type_t.ETHTYPE_SML" (node_2) is false
[12:10:22.594] [bmv2] [T] [thread 8698] [12.0] [cxt 0] /vagrant/lab3/sml-eth/p4/main.p4(181) Condition "hdr.eth.isValid()" (node_13) is true
[12:10:22.594] [bmv2] [T] [thread 8698] [12.0] [cxt 0] Applying table 'TheIngress.ethernet_table'
[12:10:22.595] [bmv2] [D] [thread 8698] [12.0] [cxt 0] Looking up key:
* hdr.eth.dstAddr     : 333300000002

[12:10:22.595] [bmv2] [D] [thread 8698] [12.0] [cxt 0] Table 'TheIngress.ethernet_table': miss
[12:10:22.595] [bmv2] [D] [thread 8698] [12.0] [cxt 0] Action entry is NoAction - 
[12:10:22.595] [bmv2] [T] [thread 8698] [12.0] [cxt 0] Action NoAction
[12:10:22.595] [bmv2] [D] [thread 8698] [12.0] [cxt 0] Pipeline 'ingress': end
[12:10:22.595] [bmv2] [D] [thread 8698] [12.0] [cxt 0] Egress port is 0
[12:10:22.595] [bmv2] [D] [thread 8699] [12.0] [cxt 0] Pipeline 'egress': start
[12:10:22.595] [bmv2] [D] [thread 8699] [12.0] [cxt 0] Pipeline 'egress': end
[12:10:22.595] [bmv2] [D] [thread 8699] [12.0] [cxt 0] Deparser 'deparser': start
[12:10:22.596] [bmv2] [D] [thread 8699] [12.0] [cxt 0] Deparsing header 'eth'
[12:10:22.596] [bmv2] [D] [thread 8699] [12.0] [cxt 0] Deparsing header 'sml'
[12:10:22.596] [bmv2] [D] [thread 8699] [12.0] [cxt 0] Deparser 'deparser': end
[12:10:22.596] [bmv2] [D] [thread 8703] [12.0] [cxt 0] Transmitting packet of size 70 out of port 0
[12:10:23.874] [bmv2] [D] [thread 8698] [13.0] [cxt 0] Processing packet received on port 0
[12:10:23.874] [bmv2] [D] [thread 8698] [13.0] [cxt 0] Parser 'parser': start
[12:10:23.874] [bmv2] [D] [thread 8698] [13.0] [cxt 0] Parser 'parser' entering state 'start'
[12:10:23.874] [bmv2] [D] [thread 8698] [13.0] [cxt 0] Extracting header 'eth'
[12:10:23.874] [bmv2] [D] [thread 8698] [13.0] [cxt 0] Extracting header 'sml'
[12:10:23.874] [bmv2] [D] [thread 8698] [13.0] [cxt 0] Parser state 'start' has no switch, going to default next state
[12:10:23.875] [bmv2] [T] [thread 8698] [13.0] [cxt 0] Bytes parsed: 33
[12:10:23.875] [bmv2] [D] [thread 8698] [13.0] [cxt 0] Parser 'parser': end
[12:10:23.875] [bmv2] [D] [thread 8698] [13.0] [cxt 0] Pipeline 'ingress': start
[12:10:23.875] [bmv2] [T] [thread 8698] [13.0] [cxt 0] /vagrant/lab3/sml-eth/p4/main.p4(166) Condition "hdr.eth.etherType == ether_type_t.ETHTYPE_SML" (node_2) is false
[12:10:23.875] [bmv2] [T] [thread 8698] [13.0] [cxt 0] /vagrant/lab3/sml-eth/p4/main.p4(181) Condition "hdr.eth.isValid()" (node_13) is true
[12:10:23.875] [bmv2] [T] [thread 8698] [13.0] [cxt 0] Applying table 'TheIngress.ethernet_table'
[12:10:23.875] [bmv2] [D] [thread 8698] [13.0] [cxt 0] Looking up key:
* hdr.eth.dstAddr     : 333300000002

[12:10:23.875] [bmv2] [D] [thread 8698] [13.0] [cxt 0] Table 'TheIngress.ethernet_table': miss
[12:10:23.875] [bmv2] [D] [thread 8698] [13.0] [cxt 0] Action entry is NoAction - 
[12:10:23.875] [bmv2] [T] [thread 8698] [13.0] [cxt 0] Action NoAction
[12:10:23.875] [bmv2] [D] [thread 8698] [13.0] [cxt 0] Pipeline 'ingress': end
[12:10:23.875] [bmv2] [D] [thread 8698] [13.0] [cxt 0] Egress port is 0
[12:10:23.876] [bmv2] [D] [thread 8699] [13.0] [cxt 0] Pipeline 'egress': start
[12:10:23.876] [bmv2] [D] [thread 8699] [13.0] [cxt 0] Pipeline 'egress': end
[12:10:23.876] [bmv2] [D] [thread 8699] [13.0] [cxt 0] Deparser 'deparser': start
[12:10:23.876] [bmv2] [D] [thread 8699] [13.0] [cxt 0] Deparsing header 'eth'
[12:10:23.876] [bmv2] [D] [thread 8699] [13.0] [cxt 0] Deparsing header 'sml'
[12:10:23.876] [bmv2] [D] [thread 8699] [13.0] [cxt 0] Deparser 'deparser': end
[12:10:23.876] [bmv2] [D] [thread 8703] [13.0] [cxt 0] Transmitting packet of size 70 out of port 0
[12:10:37.727] [bmv2] [D] [thread 8698] [14.0] [cxt 0] Processing packet received on port 1
[12:10:37.727] [bmv2] [D] [thread 8698] [14.0] [cxt 0] Parser 'parser': start
[12:10:37.727] [bmv2] [D] [thread 8698] [14.0] [cxt 0] Parser 'parser' entering state 'start'
[12:10:37.727] [bmv2] [D] [thread 8698] [14.0] [cxt 0] Extracting header 'eth'
[12:10:37.727] [bmv2] [D] [thread 8698] [14.0] [cxt 0] Extracting header 'sml'
[12:10:37.727] [bmv2] [D] [thread 8698] [14.0] [cxt 0] Parser state 'start' has no switch, going to default next state
[12:10:37.727] [bmv2] [T] [thread 8698] [14.0] [cxt 0] Bytes parsed: 33
[12:10:37.727] [bmv2] [D] [thread 8698] [14.0] [cxt 0] Parser 'parser': end
[12:10:37.727] [bmv2] [D] [thread 8698] [14.0] [cxt 0] Pipeline 'ingress': start
[12:10:37.727] [bmv2] [T] [thread 8698] [14.0] [cxt 0] /vagrant/lab3/sml-eth/p4/main.p4(166) Condition "hdr.eth.etherType == ether_type_t.ETHTYPE_SML" (node_2) is false
[12:10:37.727] [bmv2] [T] [thread 8698] [14.0] [cxt 0] /vagrant/lab3/sml-eth/p4/main.p4(181) Condition "hdr.eth.isValid()" (node_13) is true
[12:10:37.727] [bmv2] [T] [thread 8698] [14.0] [cxt 0] Applying table 'TheIngress.ethernet_table'
[12:10:37.728] [bmv2] [D] [thread 8698] [14.0] [cxt 0] Looking up key:
* hdr.eth.dstAddr     : 333300000002

[12:10:37.728] [bmv2] [D] [thread 8698] [14.0] [cxt 0] Table 'TheIngress.ethernet_table': miss
[12:10:37.728] [bmv2] [D] [thread 8698] [14.0] [cxt 0] Action entry is NoAction - 
[12:10:37.728] [bmv2] [T] [thread 8698] [14.0] [cxt 0] Action NoAction
[12:10:37.728] [bmv2] [D] [thread 8698] [14.0] [cxt 0] Pipeline 'ingress': end
[12:10:37.728] [bmv2] [D] [thread 8698] [14.0] [cxt 0] Egress port is 0
[12:10:37.728] [bmv2] [D] [thread 8699] [14.0] [cxt 0] Pipeline 'egress': start
[12:10:37.728] [bmv2] [D] [thread 8699] [14.0] [cxt 0] Pipeline 'egress': end
[12:10:37.728] [bmv2] [D] [thread 8699] [14.0] [cxt 0] Deparser 'deparser': start
[12:10:37.728] [bmv2] [D] [thread 8699] [14.0] [cxt 0] Deparsing header 'eth'
[12:10:37.728] [bmv2] [D] [thread 8699] [14.0] [cxt 0] Deparsing header 'sml'
[12:10:37.728] [bmv2] [D] [thread 8699] [14.0] [cxt 0] Deparser 'deparser': end
[12:10:37.729] [bmv2] [D] [thread 8703] [14.0] [cxt 0] Transmitting packet of size 70 out of port 0
[12:10:41.538] [bmv2] [D] [thread 8698] [15.0] [cxt 0] Processing packet received on port 0
[12:10:41.538] [bmv2] [D] [thread 8698] [15.0] [cxt 0] Parser 'parser': start
[12:10:41.538] [bmv2] [D] [thread 8698] [15.0] [cxt 0] Parser 'parser' entering state 'start'
[12:10:41.538] [bmv2] [D] [thread 8698] [15.0] [cxt 0] Extracting header 'eth'
[12:10:41.538] [bmv2] [D] [thread 8698] [15.0] [cxt 0] Extracting header 'sml'
[12:10:41.538] [bmv2] [D] [thread 8698] [15.0] [cxt 0] Parser state 'start' has no switch, going to default next state
[12:10:41.539] [bmv2] [T] [thread 8698] [15.0] [cxt 0] Bytes parsed: 33
[12:10:41.539] [bmv2] [D] [thread 8698] [15.0] [cxt 0] Parser 'parser': end
[12:10:41.539] [bmv2] [D] [thread 8698] [15.0] [cxt 0] Pipeline 'ingress': start
[12:10:41.539] [bmv2] [T] [thread 8698] [15.0] [cxt 0] /vagrant/lab3/sml-eth/p4/main.p4(166) Condition "hdr.eth.etherType == ether_type_t.ETHTYPE_SML" (node_2) is false
[12:10:41.539] [bmv2] [T] [thread 8698] [15.0] [cxt 0] /vagrant/lab3/sml-eth/p4/main.p4(181) Condition "hdr.eth.isValid()" (node_13) is true
[12:10:41.540] [bmv2] [T] [thread 8698] [15.0] [cxt 0] Applying table 'TheIngress.ethernet_table'
[12:10:41.540] [bmv2] [D] [thread 8698] [15.0] [cxt 0] Looking up key:
* hdr.eth.dstAddr     : 333300000002

[12:10:41.540] [bmv2] [D] [thread 8698] [15.0] [cxt 0] Table 'TheIngress.ethernet_table': miss
[12:10:41.540] [bmv2] [D] [thread 8698] [15.0] [cxt 0] Action entry is NoAction - 
[12:10:41.540] [bmv2] [T] [thread 8698] [15.0] [cxt 0] Action NoAction
[12:10:41.540] [bmv2] [D] [thread 8698] [15.0] [cxt 0] Pipeline 'ingress': end
[12:10:41.540] [bmv2] [D] [thread 8698] [15.0] [cxt 0] Egress port is 0
[12:10:41.541] [bmv2] [D] [thread 8699] [15.0] [cxt 0] Pipeline 'egress': start
[12:10:41.541] [bmv2] [D] [thread 8699] [15.0] [cxt 0] Pipeline 'egress': end
[12:10:41.541] [bmv2] [D] [thread 8699] [15.0] [cxt 0] Deparser 'deparser': start
[12:10:41.541] [bmv2] [D] [thread 8699] [15.0] [cxt 0] Deparsing header 'eth'
[12:10:41.541] [bmv2] [D] [thread 8699] [15.0] [cxt 0] Deparsing header 'sml'
[12:10:41.541] [bmv2] [D] [thread 8699] [15.0] [cxt 0] Deparser 'deparser': end
[12:10:41.541] [bmv2] [D] [thread 8703] [15.0] [cxt 0] Transmitting packet of size 70 out of port 0
[12:11:08.240] [bmv2] [D] [thread 8698] [16.0] [cxt 0] Processing packet received on port 1
[12:11:08.240] [bmv2] [D] [thread 8698] [16.0] [cxt 0] Parser 'parser': start
[12:11:08.241] [bmv2] [D] [thread 8698] [16.0] [cxt 0] Parser 'parser' entering state 'start'
[12:11:08.241] [bmv2] [D] [thread 8698] [16.0] [cxt 0] Extracting header 'eth'
[12:11:08.241] [bmv2] [D] [thread 8698] [16.0] [cxt 0] Extracting header 'sml'
[12:11:08.241] [bmv2] [D] [thread 8698] [16.0] [cxt 0] Parser state 'start' has no switch, going to default next state
[12:11:08.242] [bmv2] [T] [thread 8698] [16.0] [cxt 0] Bytes parsed: 33
[12:11:08.242] [bmv2] [D] [thread 8698] [16.0] [cxt 0] Parser 'parser': end
[12:11:08.242] [bmv2] [D] [thread 8698] [16.0] [cxt 0] Pipeline 'ingress': start
[12:11:08.242] [bmv2] [T] [thread 8698] [16.0] [cxt 0] /vagrant/lab3/sml-eth/p4/main.p4(166) Condition "hdr.eth.etherType == ether_type_t.ETHTYPE_SML" (node_2) is false
[12:11:08.242] [bmv2] [T] [thread 8698] [16.0] [cxt 0] /vagrant/lab3/sml-eth/p4/main.p4(181) Condition "hdr.eth.isValid()" (node_13) is true
[12:11:08.242] [bmv2] [T] [thread 8698] [16.0] [cxt 0] Applying table 'TheIngress.ethernet_table'
[12:11:08.243] [bmv2] [D] [thread 8698] [16.0] [cxt 0] Looking up key:
* hdr.eth.dstAddr     : 333300000002

[12:11:08.243] [bmv2] [D] [thread 8698] [16.0] [cxt 0] Table 'TheIngress.ethernet_table': miss
[12:11:08.243] [bmv2] [D] [thread 8698] [16.0] [cxt 0] Action entry is NoAction - 
[12:11:08.243] [bmv2] [T] [thread 8698] [16.0] [cxt 0] Action NoAction
[12:11:08.243] [bmv2] [D] [thread 8698] [16.0] [cxt 0] Pipeline 'ingress': end
[12:11:08.243] [bmv2] [D] [thread 8698] [16.0] [cxt 0] Egress port is 0
[12:11:08.243] [bmv2] [D] [thread 8699] [16.0] [cxt 0] Pipeline 'egress': start
[12:11:08.243] [bmv2] [D] [thread 8699] [16.0] [cxt 0] Pipeline 'egress': end
[12:11:08.243] [bmv2] [D] [thread 8699] [16.0] [cxt 0] Deparser 'deparser': start
[12:11:08.243] [bmv2] [D] [thread 8699] [16.0] [cxt 0] Deparsing header 'eth'
[12:11:08.243] [bmv2] [D] [thread 8699] [16.0] [cxt 0] Deparsing header 'sml'
[12:11:08.244] [bmv2] [D] [thread 8699] [16.0] [cxt 0] Deparser 'deparser': end
[12:11:08.244] [bmv2] [D] [thread 8703] [16.0] [cxt 0] Transmitting packet of size 70 out of port 0
[12:11:14.305] [bmv2] [D] [thread 8698] [17.0] [cxt 0] Processing packet received on port 0
[12:11:14.306] [bmv2] [D] [thread 8698] [17.0] [cxt 0] Parser 'parser': start
[12:11:14.306] [bmv2] [D] [thread 8698] [17.0] [cxt 0] Parser 'parser' entering state 'start'
[12:11:14.306] [bmv2] [D] [thread 8698] [17.0] [cxt 0] Extracting header 'eth'
[12:11:14.306] [bmv2] [D] [thread 8698] [17.0] [cxt 0] Extracting header 'sml'
[12:11:14.306] [bmv2] [D] [thread 8698] [17.0] [cxt 0] Parser state 'start' has no switch, going to default next state
[12:11:14.306] [bmv2] [T] [thread 8698] [17.0] [cxt 0] Bytes parsed: 33
[12:11:14.306] [bmv2] [D] [thread 8698] [17.0] [cxt 0] Parser 'parser': end
[12:11:14.306] [bmv2] [D] [thread 8698] [17.0] [cxt 0] Pipeline 'ingress': start
[12:11:14.306] [bmv2] [T] [thread 8698] [17.0] [cxt 0] /vagrant/lab3/sml-eth/p4/main.p4(166) Condition "hdr.eth.etherType == ether_type_t.ETHTYPE_SML" (node_2) is false
[12:11:14.307] [bmv2] [T] [thread 8698] [17.0] [cxt 0] /vagrant/lab3/sml-eth/p4/main.p4(181) Condition "hdr.eth.isValid()" (node_13) is true
[12:11:14.307] [bmv2] [T] [thread 8698] [17.0] [cxt 0] Applying table 'TheIngress.ethernet_table'
[12:11:14.307] [bmv2] [D] [thread 8698] [17.0] [cxt 0] Looking up key:
* hdr.eth.dstAddr     : 333300000002

[12:11:14.307] [bmv2] [D] [thread 8698] [17.0] [cxt 0] Table 'TheIngress.ethernet_table': miss
[12:11:14.307] [bmv2] [D] [thread 8698] [17.0] [cxt 0] Action entry is NoAction - 
[12:11:14.307] [bmv2] [T] [thread 8698] [17.0] [cxt 0] Action NoAction
[12:11:14.307] [bmv2] [D] [thread 8698] [17.0] [cxt 0] Pipeline 'ingress': end
[12:11:14.307] [bmv2] [D] [thread 8698] [17.0] [cxt 0] Egress port is 0
[12:11:14.307] [bmv2] [D] [thread 8699] [17.0] [cxt 0] Pipeline 'egress': start
[12:11:14.307] [bmv2] [D] [thread 8699] [17.0] [cxt 0] Pipeline 'egress': end
[12:11:14.308] [bmv2] [D] [thread 8699] [17.0] [cxt 0] Deparser 'deparser': start
[12:11:14.308] [bmv2] [D] [thread 8699] [17.0] [cxt 0] Deparsing header 'eth'
[12:11:14.308] [bmv2] [D] [thread 8699] [17.0] [cxt 0] Deparsing header 'sml'
[12:11:14.308] [bmv2] [D] [thread 8699] [17.0] [cxt 0] Deparser 'deparser': end
[12:11:14.308] [bmv2] [D] [thread 8703] [17.0] [cxt 0] Transmitting packet of size 70 out of port 0
